27/07/2023 15:07:20 - System.InvalidOperationException: Endpoint MARKETPLACEAPI.Controllers.UserController.GetByWalletAddress (BookStoreApi) contains authorization metadata, but a middleware was not found that supports authorization.
Configure your application startup by adding app.UseAuthorization() in the application startup code. If there are calls to app.UseRouting() and app.UseEndpoints(...), the call to app.UseAuthorization() must go between them.
   at Microsoft.AspNetCore.Routing.EndpointMiddleware.ThrowMissingAuthMiddlewareException(Endpoint endpoint)
   at Microsoft.AspNetCore.Routing.EndpointMiddleware.Invoke(HttpContext httpContext)
   at Microsoft.AspNetCore.Routing.EndpointRoutingMiddleware.Invoke(HttpContext httpContext)
   at ExceptionLoggingMiddleware.InvokeAsync(HttpContext context) in /home/gideon/Documents/projects/dotnet/folzy/MarketPlaceApi/MiddleWare/ErrorLoggingMiddleware.cs:line 21
27/07/2023 15:27:42 - MongoDB.Driver.MongoAuthenticationException: Unable to authenticate using sasl protocol mechanism SCRAM-SHA-1.
 ---> MongoDB.Driver.MongoCommandException: Command saslContinue failed: bad auth : authentication failed.
   at MongoDB.Driver.Core.WireProtocol.CommandUsingQueryMessageWireProtocol`1.ProcessReply(ConnectionId connectionId, ReplyMessage`1 reply)
   at MongoDB.Driver.Core.WireProtocol.CommandUsingQueryMessageWireProtocol`1.ExecuteAsync(IConnection connection, CancellationToken cancellationToken)
   at MongoDB.Driver.Core.Authentication.SaslAuthenticator.AuthenticateAsync(IConnection connection, ConnectionDescription description, CancellationToken cancellationToken)
   --- End of inner exception stack trace ---
   at MongoDB.Driver.Core.Authentication.SaslAuthenticator.AuthenticateAsync(IConnection connection, ConnectionDescription description, CancellationToken cancellationToken)
   at MongoDB.Driver.Core.Authentication.DefaultAuthenticator.AuthenticateAsync(IConnection connection, ConnectionDescription description, CancellationToken cancellationToken)
   at MongoDB.Driver.Core.Authentication.AuthenticationHelper.AuthenticateAsync(IConnection connection, ConnectionDescription description, IReadOnlyList`1 authenticators, CancellationToken cancellationToken)
   at MongoDB.Driver.Core.Connections.ConnectionInitializer.AuthenticateAsync(IConnection connection, ConnectionInitializerContext connectionInitializerContext, CancellationToken cancellationToken)
   at MongoDB.Driver.Core.Connections.BinaryConnection.OpenHelperAsync(CancellationToken cancellationToken)
   at MongoDB.Driver.Core.ConnectionPools.ExclusiveConnectionPool.PooledConnection.OpenAsync(CancellationToken cancellationToken)
   at MongoDB.Driver.Core.ConnectionPools.ExclusiveConnectionPool.ConnectionCreator.CreateOpenedInternalAsync(CancellationToken cancellationToken)
   at MongoDB.Driver.Core.ConnectionPools.ExclusiveConnectionPool.ConnectionCreator.CreateOpenedOrReuseAsync(CancellationToken cancellationToken)
   at MongoDB.Driver.Core.ConnectionPools.ExclusiveConnectionPool.AcquireConnectionHelper.AcquireConnectionAsync(CancellationToken cancellationToken)
   at MongoDB.Driver.Core.ConnectionPools.ExclusiveConnectionPool.AcquireConnectionAsync(CancellationToken cancellationToken)
   at MongoDB.Driver.Core.Servers.Server.GetChannelAsync(CancellationToken cancellationToken)
   at MongoDB.Driver.Core.Operations.RetryableReadContext.InitializeAsync(CancellationToken cancellationToken)
   at MongoDB.Driver.Core.Operations.RetryableReadContext.CreateAsync(IReadBinding binding, Boolean retryRequested, CancellationToken cancellationToken)
   at MongoDB.Driver.Core.Operations.FindOperation`1.ExecuteAsync(IReadBinding binding, CancellationToken cancellationToken)
   at MongoDB.Driver.OperationExecutor.ExecuteReadOperationAsync[TResult](IReadBinding binding, IReadOperation`1 operation, CancellationToken cancellationToken)
   at MongoDB.Driver.MongoCollectionImpl`1.ExecuteReadOperationAsync[TResult](IClientSessionHandle session, IReadOperation`1 operation, ReadPreference readPreference, CancellationToken cancellationToken)
   at MongoDB.Driver.MongoCollectionImpl`1.UsingImplicitSessionAsync[TResult](Func`2 funcAsync, CancellationToken cancellationToken)
   at MongoDB.Driver.IAsyncCursorSourceExtensions.FirstOrDefaultAsync[TDocument](IAsyncCursorSource`1 source, CancellationToken cancellationToken)
   at MARKETPLACEAPI.Services.UserService.GetUserByWalletAddress(String walletAddress) in /home/gideon/Documents/projects/dotnet/folzy/MarketPlaceApi/Services/UserService.cs:line 41
   at MARKETPLACEAPI.Controllers.AuthController.Login(LoginDto loginDto) in /home/gideon/Documents/projects/dotnet/folzy/MarketPlaceApi/Controllers/AuthController.cs:line 72
   at Microsoft.AspNetCore.Mvc.Infrastructure.ActionMethodExecutor.TaskOfIActionResultExecutor.Execute(IActionResultTypeMapper mapper, ObjectMethodExecutor executor, Object controller, Object[] arguments)
   at Microsoft.AspNetCore.Mvc.Infrastructure.ControllerActionInvoker.<InvokeActionMethodAsync>g__Awaited|12_0(ControllerActionInvoker invoker, ValueTask`1 actionResultValueTask)
   at Microsoft.AspNetCore.Mvc.Infrastructure.ControllerActionInvoker.<InvokeNextActionFilterAsync>g__Awaited|10_0(ControllerActionInvoker invoker, Task lastTask, State next, Scope scope, Object state, Boolean isCompleted)
   at Microsoft.AspNetCore.Mvc.Infrastructure.ControllerActionInvoker.Rethrow(ActionExecutedContextSealed context)
   at Microsoft.AspNetCore.Mvc.Infrastructure.ControllerActionInvoker.Next(State& next, Scope& scope, Object& state, Boolean& isCompleted)
   at Microsoft.AspNetCore.Mvc.Infrastructure.ControllerActionInvoker.<InvokeInnerFilterAsync>g__Awaited|13_0(ControllerActionInvoker invoker, Task lastTask, State next, Scope scope, Object state, Boolean isCompleted)
   at Microsoft.AspNetCore.Mvc.Infrastructure.ResourceInvoker.<InvokeNextResourceFilter>g__Awaited|25_0(ResourceInvoker invoker, Task lastTask, State next, Scope scope, Object state, Boolean isCompleted)
   at Microsoft.AspNetCore.Mvc.Infrastructure.ResourceInvoker.Rethrow(ResourceExecutedContextSealed context)
   at Microsoft.AspNetCore.Mvc.Infrastructure.ResourceInvoker.Next(State& next, Scope& scope, Object& state, Boolean& isCompleted)
   at Microsoft.AspNetCore.Mvc.Infrastructure.ResourceInvoker.<InvokeFilterPipelineAsync>g__Awaited|20_0(ResourceInvoker invoker, Task lastTask, State next, Scope scope, Object state, Boolean isCompleted)
   at Microsoft.AspNetCore.Mvc.Infrastructure.ResourceInvoker.<InvokeAsync>g__Awaited|17_0(ResourceInvoker invoker, Task task, IDisposable scope)
   at Microsoft.AspNetCore.Mvc.Infrastructure.ResourceInvoker.<InvokeAsync>g__Awaited|17_0(ResourceInvoker invoker, Task task, IDisposable scope)
   at Microsoft.AspNetCore.Routing.EndpointMiddleware.<Invoke>g__AwaitRequestTask|6_0(Endpoint endpoint, Task requestTask, ILogger logger)
   at Microsoft.AspNetCore.Authorization.AuthorizationMiddleware.Invoke(HttpContext context)
   at ExceptionLoggingMiddleware.InvokeAsync(HttpContext context) in /home/gideon/Documents/projects/dotnet/folzy/MarketPlaceApi/MiddleWare/ErrorLoggingMiddleware.cs:line 21
27/07/2023 15:27:59 - MongoDB.Driver.MongoAuthenticationException: Unable to authenticate using sasl protocol mechanism SCRAM-SHA-1.
 ---> MongoDB.Driver.MongoCommandException: Command saslContinue failed: bad auth : authentication failed.
   at MongoDB.Driver.Core.WireProtocol.CommandUsingQueryMessageWireProtocol`1.ProcessReply(ConnectionId connectionId, ReplyMessage`1 reply)
   at MongoDB.Driver.Core.WireProtocol.CommandUsingQueryMessageWireProtocol`1.ExecuteAsync(IConnection connection, CancellationToken cancellationToken)
   at MongoDB.Driver.Core.Authentication.SaslAuthenticator.AuthenticateAsync(IConnection connection, ConnectionDescription description, CancellationToken cancellationToken)
   --- End of inner exception stack trace ---
   at MongoDB.Driver.Core.Authentication.SaslAuthenticator.AuthenticateAsync(IConnection connection, ConnectionDescription description, CancellationToken cancellationToken)
   at MongoDB.Driver.Core.Authentication.DefaultAuthenticator.AuthenticateAsync(IConnection connection, ConnectionDescription description, CancellationToken cancellationToken)
   at MongoDB.Driver.Core.Authentication.AuthenticationHelper.AuthenticateAsync(IConnection connection, ConnectionDescription description, IReadOnlyList`1 authenticators, CancellationToken cancellationToken)
   at MongoDB.Driver.Core.Connections.ConnectionInitializer.AuthenticateAsync(IConnection connection, ConnectionInitializerContext connectionInitializerContext, CancellationToken cancellationToken)
   at MongoDB.Driver.Core.Connections.BinaryConnection.OpenHelperAsync(CancellationToken cancellationToken)
   at MongoDB.Driver.Core.ConnectionPools.ExclusiveConnectionPool.PooledConnection.OpenAsync(CancellationToken cancellationToken)
   at MongoDB.Driver.Core.ConnectionPools.ExclusiveConnectionPool.ConnectionCreator.CreateOpenedInternalAsync(CancellationToken cancellationToken)
   at MongoDB.Driver.Core.ConnectionPools.ExclusiveConnectionPool.ConnectionCreator.CreateOpenedOrReuseAsync(CancellationToken cancellationToken)
   at MongoDB.Driver.Core.ConnectionPools.ExclusiveConnectionPool.AcquireConnectionHelper.AcquireConnectionAsync(CancellationToken cancellationToken)
   at MongoDB.Driver.Core.ConnectionPools.ExclusiveConnectionPool.AcquireConnectionAsync(CancellationToken cancellationToken)
   at MongoDB.Driver.Core.Servers.Server.GetChannelAsync(CancellationToken cancellationToken)
   at MongoDB.Driver.Core.Operations.RetryableReadContext.InitializeAsync(CancellationToken cancellationToken)
   at MongoDB.Driver.Core.Operations.RetryableReadContext.CreateAsync(IReadBinding binding, Boolean retryRequested, CancellationToken cancellationToken)
   at MongoDB.Driver.Core.Operations.FindOperation`1.ExecuteAsync(IReadBinding binding, CancellationToken cancellationToken)
   at MongoDB.Driver.OperationExecutor.ExecuteReadOperationAsync[TResult](IReadBinding binding, IReadOperation`1 operation, CancellationToken cancellationToken)
   at MongoDB.Driver.MongoCollectionImpl`1.ExecuteReadOperationAsync[TResult](IClientSessionHandle session, IReadOperation`1 operation, ReadPreference readPreference, CancellationToken cancellationToken)
   at MongoDB.Driver.MongoCollectionImpl`1.UsingImplicitSessionAsync[TResult](Func`2 funcAsync, CancellationToken cancellationToken)
   at MongoDB.Driver.IAsyncCursorSourceExtensions.FirstOrDefaultAsync[TDocument](IAsyncCursorSource`1 source, CancellationToken cancellationToken)
   at MARKETPLACEAPI.Services.UserService.GetUserByWalletAddress(String walletAddress) in /home/gideon/Documents/projects/dotnet/folzy/MarketPlaceApi/Services/UserService.cs:line 41
   at MARKETPLACEAPI.Controllers.AuthController.Login(LoginDto loginDto) in /home/gideon/Documents/projects/dotnet/folzy/MarketPlaceApi/Controllers/AuthController.cs:line 72
   at Microsoft.AspNetCore.Mvc.Infrastructure.ActionMethodExecutor.TaskOfIActionResultExecutor.Execute(IActionResultTypeMapper mapper, ObjectMethodExecutor executor, Object controller, Object[] arguments)
   at Microsoft.AspNetCore.Mvc.Infrastructure.ControllerActionInvoker.<InvokeActionMethodAsync>g__Awaited|12_0(ControllerActionInvoker invoker, ValueTask`1 actionResultValueTask)
   at Microsoft.AspNetCore.Mvc.Infrastructure.ControllerActionInvoker.<InvokeNextActionFilterAsync>g__Awaited|10_0(ControllerActionInvoker invoker, Task lastTask, State next, Scope scope, Object state, Boolean isCompleted)
   at Microsoft.AspNetCore.Mvc.Infrastructure.ControllerActionInvoker.Rethrow(ActionExecutedContextSealed context)
   at Microsoft.AspNetCore.Mvc.Infrastructure.ControllerActionInvoker.Next(State& next, Scope& scope, Object& state, Boolean& isCompleted)
   at Microsoft.AspNetCore.Mvc.Infrastructure.ControllerActionInvoker.<InvokeInnerFilterAsync>g__Awaited|13_0(ControllerActionInvoker invoker, Task lastTask, State next, Scope scope, Object state, Boolean isCompleted)
   at Microsoft.AspNetCore.Mvc.Infrastructure.ResourceInvoker.<InvokeNextResourceFilter>g__Awaited|25_0(ResourceInvoker invoker, Task lastTask, State next, Scope scope, Object state, Boolean isCompleted)
   at Microsoft.AspNetCore.Mvc.Infrastructure.ResourceInvoker.Rethrow(ResourceExecutedContextSealed context)
   at Microsoft.AspNetCore.Mvc.Infrastructure.ResourceInvoker.Next(State& next, Scope& scope, Object& state, Boolean& isCompleted)
   at Microsoft.AspNetCore.Mvc.Infrastructure.ResourceInvoker.<InvokeFilterPipelineAsync>g__Awaited|20_0(ResourceInvoker invoker, Task lastTask, State next, Scope scope, Object state, Boolean isCompleted)
   at Microsoft.AspNetCore.Mvc.Infrastructure.ResourceInvoker.<InvokeAsync>g__Awaited|17_0(ResourceInvoker invoker, Task task, IDisposable scope)
   at Microsoft.AspNetCore.Mvc.Infrastructure.ResourceInvoker.<InvokeAsync>g__Awaited|17_0(ResourceInvoker invoker, Task task, IDisposable scope)
   at Microsoft.AspNetCore.Routing.EndpointMiddleware.<Invoke>g__AwaitRequestTask|6_0(Endpoint endpoint, Task requestTask, ILogger logger)
   at Microsoft.AspNetCore.Authorization.AuthorizationMiddleware.Invoke(HttpContext context)
   at ExceptionLoggingMiddleware.InvokeAsync(HttpContext context) in /home/gideon/Documents/projects/dotnet/folzy/MarketPlaceApi/MiddleWare/ErrorLoggingMiddleware.cs:line 21
27/07/2023 15:28:15 - MongoDB.Driver.MongoAuthenticationException: Unable to authenticate using sasl protocol mechanism SCRAM-SHA-1.
 ---> MongoDB.Driver.MongoCommandException: Command saslContinue failed: bad auth : authentication failed.
   at MongoDB.Driver.Core.WireProtocol.CommandUsingQueryMessageWireProtocol`1.ProcessReply(ConnectionId connectionId, ReplyMessage`1 reply)
   at MongoDB.Driver.Core.WireProtocol.CommandUsingQueryMessageWireProtocol`1.ExecuteAsync(IConnection connection, CancellationToken cancellationToken)
   at MongoDB.Driver.Core.Authentication.SaslAuthenticator.AuthenticateAsync(IConnection connection, ConnectionDescription description, CancellationToken cancellationToken)
   --- End of inner exception stack trace ---
   at MongoDB.Driver.Core.Authentication.SaslAuthenticator.AuthenticateAsync(IConnection connection, ConnectionDescription description, CancellationToken cancellationToken)
   at MongoDB.Driver.Core.Authentication.DefaultAuthenticator.AuthenticateAsync(IConnection connection, ConnectionDescription description, CancellationToken cancellationToken)
   at MongoDB.Driver.Core.Authentication.AuthenticationHelper.AuthenticateAsync(IConnection connection, ConnectionDescription description, IReadOnlyList`1 authenticators, CancellationToken cancellationToken)
   at MongoDB.Driver.Core.Connections.ConnectionInitializer.AuthenticateAsync(IConnection connection, ConnectionInitializerContext connectionInitializerContext, CancellationToken cancellationToken)
   at MongoDB.Driver.Core.Connections.BinaryConnection.OpenHelperAsync(CancellationToken cancellationToken)
   at MongoDB.Driver.Core.ConnectionPools.ExclusiveConnectionPool.PooledConnection.OpenAsync(CancellationToken cancellationToken)
   at MongoDB.Driver.Core.ConnectionPools.ExclusiveConnectionPool.ConnectionCreator.CreateOpenedInternalAsync(CancellationToken cancellationToken)
   at MongoDB.Driver.Core.ConnectionPools.ExclusiveConnectionPool.ConnectionCreator.CreateOpenedOrReuseAsync(CancellationToken cancellationToken)
   at MongoDB.Driver.Core.ConnectionPools.ExclusiveConnectionPool.AcquireConnectionHelper.AcquireConnectionAsync(CancellationToken cancellationToken)
   at MongoDB.Driver.Core.ConnectionPools.ExclusiveConnectionPool.AcquireConnectionAsync(CancellationToken cancellationToken)
   at MongoDB.Driver.Core.Servers.Server.GetChannelAsync(CancellationToken cancellationToken)
   at MongoDB.Driver.Core.Operations.RetryableReadContext.InitializeAsync(CancellationToken cancellationToken)
   at MongoDB.Driver.Core.Operations.RetryableReadContext.CreateAsync(IReadBinding binding, Boolean retryRequested, CancellationToken cancellationToken)
   at MongoDB.Driver.Core.Operations.FindOperation`1.ExecuteAsync(IReadBinding binding, CancellationToken cancellationToken)
   at MongoDB.Driver.OperationExecutor.ExecuteReadOperationAsync[TResult](IReadBinding binding, IReadOperation`1 operation, CancellationToken cancellationToken)
   at MongoDB.Driver.MongoCollectionImpl`1.ExecuteReadOperationAsync[TResult](IClientSessionHandle session, IReadOperation`1 operation, ReadPreference readPreference, CancellationToken cancellationToken)
   at MongoDB.Driver.MongoCollectionImpl`1.UsingImplicitSessionAsync[TResult](Func`2 funcAsync, CancellationToken cancellationToken)
   at MongoDB.Driver.IAsyncCursorSourceExtensions.FirstOrDefaultAsync[TDocument](IAsyncCursorSource`1 source, CancellationToken cancellationToken)
   at MARKETPLACEAPI.Services.UserService.GetUserByWalletAddress(String walletAddress) in /home/gideon/Documents/projects/dotnet/folzy/MarketPlaceApi/Services/UserService.cs:line 41
   at MARKETPLACEAPI.Controllers.AuthController.Login(LoginDto loginDto) in /home/gideon/Documents/projects/dotnet/folzy/MarketPlaceApi/Controllers/AuthController.cs:line 72
   at Microsoft.AspNetCore.Mvc.Infrastructure.ActionMethodExecutor.TaskOfIActionResultExecutor.Execute(IActionResultTypeMapper mapper, ObjectMethodExecutor executor, Object controller, Object[] arguments)
   at Microsoft.AspNetCore.Mvc.Infrastructure.ControllerActionInvoker.<InvokeActionMethodAsync>g__Awaited|12_0(ControllerActionInvoker invoker, ValueTask`1 actionResultValueTask)
   at Microsoft.AspNetCore.Mvc.Infrastructure.ControllerActionInvoker.<InvokeNextActionFilterAsync>g__Awaited|10_0(ControllerActionInvoker invoker, Task lastTask, State next, Scope scope, Object state, Boolean isCompleted)
   at Microsoft.AspNetCore.Mvc.Infrastructure.ControllerActionInvoker.Rethrow(ActionExecutedContextSealed context)
   at Microsoft.AspNetCore.Mvc.Infrastructure.ControllerActionInvoker.Next(State& next, Scope& scope, Object& state, Boolean& isCompleted)
   at Microsoft.AspNetCore.Mvc.Infrastructure.ControllerActionInvoker.<InvokeInnerFilterAsync>g__Awaited|13_0(ControllerActionInvoker invoker, Task lastTask, State next, Scope scope, Object state, Boolean isCompleted)
   at Microsoft.AspNetCore.Mvc.Infrastructure.ResourceInvoker.<InvokeNextResourceFilter>g__Awaited|25_0(ResourceInvoker invoker, Task lastTask, State next, Scope scope, Object state, Boolean isCompleted)
   at Microsoft.AspNetCore.Mvc.Infrastructure.ResourceInvoker.Rethrow(ResourceExecutedContextSealed context)
   at Microsoft.AspNetCore.Mvc.Infrastructure.ResourceInvoker.Next(State& next, Scope& scope, Object& state, Boolean& isCompleted)
   at Microsoft.AspNetCore.Mvc.Infrastructure.ResourceInvoker.<InvokeFilterPipelineAsync>g__Awaited|20_0(ResourceInvoker invoker, Task lastTask, State next, Scope scope, Object state, Boolean isCompleted)
   at Microsoft.AspNetCore.Mvc.Infrastructure.ResourceInvoker.<InvokeAsync>g__Awaited|17_0(ResourceInvoker invoker, Task task, IDisposable scope)
   at Microsoft.AspNetCore.Mvc.Infrastructure.ResourceInvoker.<InvokeAsync>g__Awaited|17_0(ResourceInvoker invoker, Task task, IDisposable scope)
   at Microsoft.AspNetCore.Routing.EndpointMiddleware.<Invoke>g__AwaitRequestTask|6_0(Endpoint endpoint, Task requestTask, ILogger logger)
   at Microsoft.AspNetCore.Authorization.AuthorizationMiddleware.Invoke(HttpContext context)
   at ExceptionLoggingMiddleware.InvokeAsync(HttpContext context) in /home/gideon/Documents/projects/dotnet/folzy/MarketPlaceApi/MiddleWare/ErrorLoggingMiddleware.cs:line 21
28/07/2023 12:01:03 - System.ArgumentNullException: String reference not set to an instance of a String. (Parameter 's')
   at System.Text.Encoding.GetBytes(String s)
   at System.Text.UTF8Encoding.UTF8EncodingSealed.GetBytes(String s)
   at MARKETPLACEAPI.Services.AuthService.GenerateToken(User user) in /home/gideon/Documents/projects/dotnet/folzy/MarketPlaceApi/Services/AuthService.cs:line 23
   at MARKETPLACEAPI.Controllers.AuthController.Login(LoginDto loginDto) in /home/gideon/Documents/projects/dotnet/folzy/MarketPlaceApi/Controllers/AuthController.cs:line 87
   at Microsoft.AspNetCore.Mvc.Infrastructure.ActionMethodExecutor.TaskOfIActionResultExecutor.Execute(IActionResultTypeMapper mapper, ObjectMethodExecutor executor, Object controller, Object[] arguments)
   at Microsoft.AspNetCore.Mvc.Infrastructure.ControllerActionInvoker.<InvokeActionMethodAsync>g__Awaited|12_0(ControllerActionInvoker invoker, ValueTask`1 actionResultValueTask)
   at Microsoft.AspNetCore.Mvc.Infrastructure.ControllerActionInvoker.<InvokeNextActionFilterAsync>g__Awaited|10_0(ControllerActionInvoker invoker, Task lastTask, State next, Scope scope, Object state, Boolean isCompleted)
   at Microsoft.AspNetCore.Mvc.Infrastructure.ControllerActionInvoker.Rethrow(ActionExecutedContextSealed context)
   at Microsoft.AspNetCore.Mvc.Infrastructure.ControllerActionInvoker.Next(State& next, Scope& scope, Object& state, Boolean& isCompleted)
   at Microsoft.AspNetCore.Mvc.Infrastructure.ControllerActionInvoker.<InvokeInnerFilterAsync>g__Awaited|13_0(ControllerActionInvoker invoker, Task lastTask, State next, Scope scope, Object state, Boolean isCompleted)
   at Microsoft.AspNetCore.Mvc.Infrastructure.ResourceInvoker.<InvokeNextResourceFilter>g__Awaited|25_0(ResourceInvoker invoker, Task lastTask, State next, Scope scope, Object state, Boolean isCompleted)
   at Microsoft.AspNetCore.Mvc.Infrastructure.ResourceInvoker.Rethrow(ResourceExecutedContextSealed context)
   at Microsoft.AspNetCore.Mvc.Infrastructure.ResourceInvoker.Next(State& next, Scope& scope, Object& state, Boolean& isCompleted)
   at Microsoft.AspNetCore.Mvc.Infrastructure.ResourceInvoker.<InvokeFilterPipelineAsync>g__Awaited|20_0(ResourceInvoker invoker, Task lastTask, State next, Scope scope, Object state, Boolean isCompleted)
   at Microsoft.AspNetCore.Mvc.Infrastructure.ResourceInvoker.<InvokeAsync>g__Awaited|17_0(ResourceInvoker invoker, Task task, IDisposable scope)
   at Microsoft.AspNetCore.Mvc.Infrastructure.ResourceInvoker.<InvokeAsync>g__Awaited|17_0(ResourceInvoker invoker, Task task, IDisposable scope)
   at Microsoft.AspNetCore.Routing.EndpointMiddleware.<Invoke>g__AwaitRequestTask|6_0(Endpoint endpoint, Task requestTask, ILogger logger)
   at Microsoft.AspNetCore.Authorization.AuthorizationMiddleware.Invoke(HttpContext context)
   at ExceptionLoggingMiddleware.InvokeAsync(HttpContext context) in /home/gideon/Documents/projects/dotnet/folzy/MarketPlaceApi/MiddleWare/ErrorLoggingMiddleware.cs:line 16
